<?xml version="1.0" encoding="UTF-8" standalone="no"?>
<view xmlns="http://jmix.io/schema/flowui/view"
      xmlns:c="http://jmix.io/schema/flowui/jpql-condition"
      title="msg://testEntityListView.title"
      focusComponent="testEntitiesTable">
    <data readOnly="true">
        <collection id="testEntitiesDc"
                    class="com.company.sandbox.entity.TestEntity">
            <fetchPlan extends="_base"/>
            <loader id="testEntitiesDl">
                <query>
                    <![CDATA[select e from sb_TestEntity e]]>
                </query>
            </loader>
        </collection>
    </data>
    <facets>
        <dataLoadCoordinator auto="true"/>
        <queryParameters>
            <pagination component="pagination"/>
        </queryParameters>
    </facets>
    <actions>
        <action id="selectAction" type="lookup_select"/>
        <action id="discardAction" type="lookup_discard"/>
    </actions>
    <layout>
        <hbox id="buttonsPanel" classNames="buttons-panel">
            <button id="createBtn" action="testEntitiesTable.create"/>
            <button id="editBtn" action="testEntitiesTable.edit"/>
            <button id="removeBtn" action="testEntitiesTable.remove"/>
            <simplePagination id="pagination" dataLoader="testEntitiesDl"/>
        </hbox>
        <dataGrid id="testEntitiesTable"
                  width="100%"
                  minHeight="20em"
                  dataContainer="testEntitiesDc">
            <actions>
                <action id="create" type="create"/>
                <action id="edit" type="edit"/>
                <action id="remove" type="remove"/>
            </actions>
            <columns>
                <column property="id"/>
            </columns>
        </dataGrid>
        <hbox id="lookupActions" visible="false">
            <button id="selectBtn" action="selectAction"/>
            <button id="discardBtn" action="discardAction"/>
        </hbox>
    </layout>
</view>
